[debug] [2024-08-13T21:09:24.834Z] ----------------------------------------------------------------------
[debug] [2024-08-13T21:09:24.836Z] Command:       C:\Program Files\nodejs\node.exe C:\Users\Danny\AppData\Roaming\npm\node_modules\firebase-tools\lib\bin\firebase.js init
[debug] [2024-08-13T21:09:24.837Z] CLI Version:   13.15.1
[debug] [2024-08-13T21:09:24.837Z] Platform:      win32
[debug] [2024-08-13T21:09:24.837Z] Node Version:  v20.12.2
[debug] [2024-08-13T21:09:24.837Z] Time:          Tue Aug 13 2024 17:09:24 GMT-0400 (Eastern Daylight Time)
[debug] [2024-08-13T21:09:24.837Z] ----------------------------------------------------------------------
[debug] 
[debug] [2024-08-13T21:09:24.839Z] >>> [apiv2][query] GET https://firebase-public.firebaseio.com/cli.json [none]
[debug] [2024-08-13T21:09:24.874Z] > command requires scopes: ["email","openid","https://www.googleapis.com/auth/cloudplatformprojects.readonly","https://www.googleapis.com/auth/firebase","https://www.googleapis.com/auth/cloud-platform"]
[debug] [2024-08-13T21:09:24.875Z] > authorizing via signed-in user (dannywchen3@gmail.com)
[info] 
     ######## #### ########  ######## ########     ###     ######  ########
     ##        ##  ##     ## ##       ##     ##  ##   ##  ##       ##
     ######    ##  ########  ######   ########  #########  ######  ######
     ##        ##  ##    ##  ##       ##     ## ##     ##       ## ##
     ##       #### ##     ## ######## ########  ##     ##  ######  ########

You're about to initialize a Firebase project in this directory:

  C:\Users\Danny\Documents\GitHub\DreamyUnis\dreamyuni

[debug] [2024-08-13T21:09:25.004Z] <<< [apiv2][status] GET https://firebase-public.firebaseio.com/cli.json 200
[debug] [2024-08-13T21:09:25.004Z] <<< [apiv2][body] GET https://firebase-public.firebaseio.com/cli.json {"cloudBuildErrorAfter":1594252800000,"cloudBuildWarnAfter":1590019200000,"defaultNode10After":1594252800000,"minVersion":"3.0.5","node8DeploysDisabledAfter":1613390400000,"node8RuntimeDisabledAfter":1615809600000,"node8WarnAfter":1600128000000}
